{"database":"Data1","host":"localhost","level":"info","message":"Configuração de banco de dados:","port":5432,"service":"db-connect","timestamp":"2025-05-07T22:21:25.563Z","user":"postgres"}
{"level":"info","message":"Nova conexão de banco de dados estabelecida","service":"db-connect","timestamp":"2025-05-07T22:21:25.811Z"}
{"level":"info","message":"Conexão com banco de dados estabelecida com sucesso","service":"db-connect","timestamp":"2025-05-07T22:21:25.812Z"}
{"level":"info","message":"Consulta de teste executada:","service":"db-connect","timestamp":"2025-05-07T22:21:25.814Z"}
{"count":9,"level":"info","message":"Tabelas encontradas:","service":"db-connect","tables":["usuarios","instituicoes_ensino","chefes_empresas","instituicoes_contratantes","jovens","jovens_instituicoes","jovens_empresas","oportunidades","recomendacoes"],"timestamp":"2025-05-07T22:21:25.820Z"}
{"database":"Data1","host":"localhost","level":"info","message":"Configuração de banco de dados:","port":5432,"service":"db-connect","timestamp":"2025-05-07T22:56:53.786Z","user":"postgres"}
{"level":"info","message":"Nova conexão de banco de dados estabelecida","service":"db-connect","timestamp":"2025-05-07T22:56:54.038Z"}
{"level":"info","message":"Conexão com banco de dados estabelecida com sucesso","service":"db-connect","timestamp":"2025-05-07T22:56:54.039Z"}
{"level":"info","message":"Consulta de teste executada:","service":"db-connect","timestamp":"2025-05-07T22:56:54.040Z"}
{"count":9,"level":"info","message":"Tabelas encontradas:","service":"db-connect","tables":["usuarios","instituicoes_ensino","chefes_empresas","instituicoes_contratantes","jovens","jovens_instituicoes","jovens_empresas","oportunidades","recomendacoes"],"timestamp":"2025-05-07T22:56:54.047Z"}
{"level":"info","message":"Encerrando conexões com o banco de dados...","service":"db-connect","timestamp":"2025-05-07T23:01:41.266Z"}
{"database":"Data1","host":"localhost","level":"info","message":"Configuração de banco de dados:","port":5432,"service":"db-connect","timestamp":"2025-05-07T23:01:48.124Z","user":"postgres"}
{"level":"info","message":"Nova conexão de banco de dados estabelecida","service":"db-connect","timestamp":"2025-05-07T23:01:48.373Z"}
{"level":"info","message":"Conexão com banco de dados estabelecida com sucesso","service":"db-connect","timestamp":"2025-05-07T23:01:48.374Z"}
{"level":"info","message":"Consulta de teste executada:","service":"db-connect","timestamp":"2025-05-07T23:01:48.375Z"}
{"count":9,"level":"info","message":"Tabelas encontradas:","service":"db-connect","tables":["usuarios","instituicoes_ensino","chefes_empresas","instituicoes_contratantes","jovens","jovens_instituicoes","jovens_empresas","oportunidades","recomendacoes"],"timestamp":"2025-05-07T23:01:48.384Z"}
{"level":"info","message":"Nova conexão de banco de dados estabelecida","service":"db-connect","timestamp":"2025-05-07T23:02:24.405Z"}
{"level":"info","message":"Encerrando conexões com o banco de dados...","service":"db-connect","timestamp":"2025-05-07T23:08:47.843Z"}
{"database":"Data1","host":"localhost","level":"info","message":"Configuração de banco de dados:","port":5432,"service":"db-connect","timestamp":"2025-05-07T23:09:16.732Z","user":"postgres"}
{"level":"info","message":"Nova conexão de banco de dados estabelecida","service":"db-connect","timestamp":"2025-05-07T23:09:16.976Z"}
{"level":"info","message":"Conexão com banco de dados estabelecida com sucesso","service":"db-connect","timestamp":"2025-05-07T23:09:16.977Z"}
{"level":"info","message":"Consulta de teste executada:","service":"db-connect","timestamp":"2025-05-07T23:09:16.979Z"}
{"count":9,"level":"info","message":"Tabelas encontradas:","service":"db-connect","tables":["usuarios","instituicoes_ensino","chefes_empresas","instituicoes_contratantes","jovens","jovens_instituicoes","jovens_empresas","oportunidades","recomendacoes"],"timestamp":"2025-05-07T23:09:16.987Z"}
{"level":"info","message":"Nova conexão de banco de dados estabelecida","service":"db-connect","timestamp":"2025-05-07T23:09:42.532Z"}
{"level":"info","message":"Nova conexão de banco de dados estabelecida","service":"db-connect","timestamp":"2025-05-07T23:16:21.002Z"}
{"level":"info","message":"Nova conexão de banco de dados estabelecida","service":"db-connect","timestamp":"2025-05-07T23:16:26.778Z"}
{"level":"info","message":"Nova conexão de banco de dados estabelecida","service":"db-connect","timestamp":"2025-05-07T23:20:06.173Z"}
{"database":"Data1","host":"localhost","level":"info","message":"Configuração de banco de dados:","port":5432,"service":"db-connect","timestamp":"2025-05-07T23:25:13.961Z","user":"postgres"}
{"level":"info","message":"Nova conexão de banco de dados estabelecida","service":"db-connect","timestamp":"2025-05-07T23:25:14.219Z"}
{"level":"info","message":"Conexão com banco de dados estabelecida com sucesso","service":"db-connect","timestamp":"2025-05-07T23:25:14.221Z"}
{"level":"info","message":"Consulta de teste executada:","service":"db-connect","timestamp":"2025-05-07T23:25:14.222Z"}
{"count":9,"level":"info","message":"Tabelas encontradas:","service":"db-connect","tables":["usuarios","instituicoes_ensino","chefes_empresas","instituicoes_contratantes","jovens","jovens_instituicoes","jovens_empresas","oportunidades","recomendacoes"],"timestamp":"2025-05-07T23:25:14.229Z"}
{"level":"info","message":"Nova conexão de banco de dados estabelecida","service":"db-connect","timestamp":"2025-05-07T23:26:00.631Z"}
{"level":"info","message":"Nova conexão de banco de dados estabelecida","service":"db-connect","timestamp":"2025-05-07T23:27:33.758Z"}
{"level":"info","message":"Nova conexão de banco de dados estabelecida","service":"db-connect","timestamp":"2025-05-07T23:31:06.900Z"}
{"level":"info","message":"Nova conexão de banco de dados estabelecida","service":"db-connect","timestamp":"2025-05-07T23:32:13.064Z"}
{"level":"info","message":"Nova conexão de banco de dados estabelecida","service":"db-connect","timestamp":"2025-05-07T23:32:16.748Z"}
{"level":"info","message":"Encerrando conexões com o banco de dados...","service":"db-connect","timestamp":"2025-05-07T23:36:12.594Z"}
{"database":"Data1","host":"localhost","level":"info","message":"Configuração de banco de dados:","port":5432,"service":"db-connect","timestamp":"2025-05-07T23:42:36.324Z","user":"postgres"}
{"level":"info","message":"Nova conexão de banco de dados estabelecida","service":"db-connect","timestamp":"2025-05-07T23:42:36.573Z"}
{"level":"info","message":"Conexão com banco de dados estabelecida com sucesso","service":"db-connect","timestamp":"2025-05-07T23:42:36.574Z"}
{"level":"info","message":"Consulta de teste executada:","service":"db-connect","timestamp":"2025-05-07T23:42:36.575Z"}
{"count":9,"level":"info","message":"Tabelas encontradas:","service":"db-connect","tables":["usuarios","instituicoes_ensino","chefes_empresas","instituicoes_contratantes","jovens_instituicoes","jovens","jovens_empresas","oportunidades","recomendacoes"],"timestamp":"2025-05-07T23:42:36.583Z"}
{"level":"info","message":"Nova conexão de banco de dados estabelecida","service":"db-connect","timestamp":"2025-05-07T23:43:28.605Z"}
{"level":"info","message":"Nova conexão de banco de dados estabelecida","service":"db-connect","timestamp":"2025-05-07T23:48:44.848Z"}
{"level":"info","message":"Nova conexão de banco de dados estabelecida","service":"db-connect","timestamp":"2025-05-07T23:48:45.135Z"}
{"level":"info","message":"Nova conexão de banco de dados estabelecida","service":"db-connect","timestamp":"2025-05-07T23:49:49.361Z"}
{"level":"info","message":"Nova conexão de banco de dados estabelecida","service":"db-connect","timestamp":"2025-05-07T23:49:59.577Z"}
{"level":"info","message":"Nova conexão de banco de dados estabelecida","service":"db-connect","timestamp":"2025-05-07T23:51:51.866Z"}
{"level":"info","message":"Nova conexão de banco de dados estabelecida","service":"db-connect","timestamp":"2025-05-07T23:51:51.867Z"}
{"level":"info","message":"Nova conexão de banco de dados estabelecida","service":"db-connect","timestamp":"2025-05-07T23:51:51.878Z"}
{"level":"info","message":"Nova conexão de banco de dados estabelecida","service":"db-connect","timestamp":"2025-05-07T23:51:51.879Z"}
{"level":"info","message":"Nova conexão de banco de dados estabelecida","service":"db-connect","timestamp":"2025-05-07T23:52:24.596Z"}
{"level":"info","message":"Nova conexão de banco de dados estabelecida","service":"db-connect","timestamp":"2025-05-07T23:52:24.597Z"}
{"level":"info","message":"Nova conexão de banco de dados estabelecida","service":"db-connect","timestamp":"2025-05-07T23:52:24.600Z"}
{"level":"info","message":"Nova conexão de banco de dados estabelecida","service":"db-connect","timestamp":"2025-05-07T23:52:24.604Z"}
{"level":"info","message":"Encerrando conexões com o banco de dados...","service":"db-connect","timestamp":"2025-05-08T00:01:44.817Z"}
{"database":"Data1","host":"localhost","level":"info","message":"Configuração de banco de dados:","port":5432,"service":"db-connect","timestamp":"2025-05-08T00:11:29.537Z","user":"postgres"}
{"level":"info","message":"Nova conexão de banco de dados estabelecida","service":"db-connect","timestamp":"2025-05-08T00:11:29.895Z"}
{"level":"info","message":"Conexão com banco de dados estabelecida com sucesso","service":"db-connect","timestamp":"2025-05-08T00:11:29.896Z"}
{"level":"info","message":"Consulta de teste executada:","service":"db-connect","timestamp":"2025-05-08T00:11:29.897Z"}
{"count":9,"level":"info","message":"Tabelas encontradas:","service":"db-connect","tables":["usuarios","instituicoes_ensino","chefes_empresas","instituicoes_contratantes","jovens_instituicoes","jovens","jovens_empresas","oportunidades","recomendacoes"],"timestamp":"2025-05-08T00:11:29.904Z"}
{"level":"info","message":"Nova conexão de banco de dados estabelecida","service":"db-connect","timestamp":"2025-05-08T00:12:03.392Z"}
{"level":"info","message":"Nova conexão de banco de dados estabelecida","service":"db-connect","timestamp":"2025-05-08T00:12:11.783Z"}
{"level":"info","message":"Encerrando conexões com o banco de dados...","service":"db-connect","timestamp":"2025-05-08T00:20:46.944Z"}
